<?xml version="1.0" encoding="utf-8"?><testsuites><testsuite name="pytest" errors="1" failures="0" skipped="0" tests="1" time="3.482" timestamp="2024-12-12T15:19:56.101706+01:00" hostname="Andreas-Motzfeldt-Mac-TK04DY466G.local"><testcase classname="" name="tests.test_aopc" time="0.000"><error message="collection failure">../../../Library/Caches/pypoetry/virtualenvs/naopc-fB_zPYy--py3.12/lib/python3.12/site-packages/pluggy/_hooks.py:513: in __call__
    return self._hookexec(self.name, self._hookimpls.copy(), kwargs, firstresult)
../../../Library/Caches/pypoetry/virtualenvs/naopc-fB_zPYy--py3.12/lib/python3.12/site-packages/pluggy/_manager.py:120: in _hookexec
    return self._inner_hookexec(hook_name, methods, kwargs, firstresult)
../../../Library/Caches/pypoetry/virtualenvs/naopc-fB_zPYy--py3.12/lib/python3.12/site-packages/_pytest/python.py:245: in pytest_pycollect_makeitem
    return list(collector._genfunctions(name, obj))
../../../Library/Caches/pypoetry/virtualenvs/naopc-fB_zPYy--py3.12/lib/python3.12/site-packages/_pytest/python.py:462: in _genfunctions
    self.ihook.pytest_generate_tests.call_extra(methods, dict(metafunc=metafunc))
../../../Library/Caches/pypoetry/virtualenvs/naopc-fB_zPYy--py3.12/lib/python3.12/site-packages/pluggy/_hooks.py:574: in call_extra
    return self._hookexec(self.name, hookimpls, kwargs, firstresult)
../../../Library/Caches/pypoetry/virtualenvs/naopc-fB_zPYy--py3.12/lib/python3.12/site-packages/pluggy/_manager.py:120: in _hookexec
    return self._inner_hookexec(hook_name, methods, kwargs, firstresult)
../../../Library/Caches/pypoetry/virtualenvs/naopc-fB_zPYy--py3.12/lib/python3.12/site-packages/pytest_lazyfixture.py:74: in pytest_generate_tests
    normalize_metafunc_calls(metafunc, 'funcargs')
../../../Library/Caches/pypoetry/virtualenvs/naopc-fB_zPYy--py3.12/lib/python3.12/site-packages/pytest_lazyfixture.py:81: in normalize_metafunc_calls
    calls = normalize_call(callspec, metafunc, valtype, used_keys)
../../../Library/Caches/pypoetry/virtualenvs/naopc-fB_zPYy--py3.12/lib/python3.12/site-packages/pytest_lazyfixture.py:105: in normalize_call
    valtype_keys = set(getattr(callspec, valtype).keys()) - used_keys
E   AttributeError: 'CallSpec2' object has no attribute 'funcargs'</error></testcase></testsuite></testsuites>